Fri Nov 18 16:15:59 CET 2016 : Apache Derby Network Server - 10.11.1.2 - (1629631) démarré et prêt à accepter les connexions sur le port 1527
----------------------------------------------------------------
Fri Nov 18 16:15:59 CET 2016:
Amorçage de Derby version The Apache Software Foundation - Apache Derby - 10.11.1.2 - (1629631) : instance a816c00e-0158-7802-303c-00005dec0010 
dans le répertoire de base de données C:\Users\kasam\Documents\GitHub\VeRecipesServer\VeRecipes avec le chargeur de classe sun.misc.Launcher$AppClassLoader@1d44bcfa
Chargé de file:/C:/Program%20Files/Java/jdk1.8.0_91/db/lib/derby.jar
java.vendor=Oracle Corporation
java.runtime.version=1.8.0_91-b14
user.dir=C:\Program Files\Java\jdk1.8.0_91\db
os.name=Windows 10
os.arch=amd64
os.version=10.0
derby.system.home=C:\Users\kasam\Documents\GitHub\VeRecipesServer
Chargeur de classe de la base de données démarré - derby.database.classpath = ''
----------------------------------------------------------------
Fri Nov 18 16:18:57 CET 2016:
Fermeture de l'instance a816c00e-0158-7802-303c-00005dec0010 sur le répertoire de base de données C:\Users\kasam\Documents\GitHub\VeRecipesServer\VeRecipes avec le chargeur de classe sun.misc.Launcher$AppClassLoader@1d44bcfa 
Fri Nov 18 16:18:57 CET 2016 Thread[DRDAConnThread_4,5,main] (DATABASE = VeRecipes), (DRDAID = {5}), Arrêt de la base de données 'VeRecipes'.
----------------------------------------------------------------
Fri Nov 18 16:19:19 CET 2016:
Amorçage de Derby version The Apache Software Foundation - Apache Derby - 10.11.1.2 - (1629631) : instance 48d7402a-0158-7802-303c-00005dec0010 
dans le répertoire de base de données C:\Users\kasam\Documents\GitHub\VeRecipesServer\VeRecipes avec le chargeur de classe sun.misc.Launcher$AppClassLoader@1d44bcfa
Chargé de file:/C:/Program%20Files/Java/jdk1.8.0_91/db/lib/derby.jar
java.vendor=Oracle Corporation
java.runtime.version=1.8.0_91-b14
user.dir=C:\Program Files\Java\jdk1.8.0_91\db
os.name=Windows 10
os.arch=amd64
os.version=10.0
derby.system.home=C:\Users\kasam\Documents\GitHub\VeRecipesServer
Chargeur de classe de la base de données démarré - derby.database.classpath = ''
----------------------------------------------------------------
Fri Nov 18 16:19:20 CET 2016:
Fermeture de l'instance 48d7402a-0158-7802-303c-00005dec0010 sur le répertoire de base de données C:\Users\kasam\Documents\GitHub\VeRecipesServer\VeRecipes avec le chargeur de classe sun.misc.Launcher$AppClassLoader@1d44bcfa 
Fri Nov 18 16:19:20 CET 2016 Thread[DRDAConnThread_3,5,main] (DATABASE = VeRecipes), (DRDAID = {7}), Arrêt de la base de données 'VeRecipes'.
----------------------------------------------------------------
Fri Nov 18 16:19:22 CET 2016:
Amorçage de Derby version The Apache Software Foundation - Apache Derby - 10.11.1.2 - (1629631) : instance 4b6f00c8-0158-7802-303c-00005dec0010 
dans le répertoire de base de données C:\Users\kasam\Documents\GitHub\VeRecipesServer\VeRecipes avec le chargeur de classe sun.misc.Launcher$AppClassLoader@1d44bcfa
Chargé de file:/C:/Program%20Files/Java/jdk1.8.0_91/db/lib/derby.jar
java.vendor=Oracle Corporation
java.runtime.version=1.8.0_91-b14
user.dir=C:\Program Files\Java\jdk1.8.0_91\db
os.name=Windows 10
os.arch=amd64
os.version=10.0
derby.system.home=C:\Users\kasam\Documents\GitHub\VeRecipesServer
Chargeur de classe de la base de données démarré - derby.database.classpath = ''
----------------------------------------------------------------
Fri Nov 18 16:20:00 CET 2016 : fermeture du moteur Derby
----------------------------------------------------------------
Fri Nov 18 16:20:00 CET 2016:
Fermeture de l'instance 4b6f00c8-0158-7802-303c-00005dec0010 sur le répertoire de base de données C:\Users\kasam\Documents\GitHub\VeRecipesServer\VeRecipes avec le chargeur de classe sun.misc.Launcher$AppClassLoader@1d44bcfa 
----------------------------------------------------------------
